<?xml version="1.0" encoding="UTF-8"?>
<testsuite xmlns:xsi="http://www.w3.org/2001/XMLSchema-instance" xsi:noNamespaceSchemaLocation="https://maven.apache.org/surefire/maven-surefire-plugin/xsd/surefire-test-report-3.0.xsd" version="3.0" name="br.edu.ifgoias.academico.services.AlunoServiceTest" time="14.202" tests="1" errors="1" skipped="0" failures="0">
  <properties>
    <property name="java.specification.version" value="17"/>
    <property name="sun.cpu.isalist" value="amd64"/>
    <property name="sun.jnu.encoding" value="Cp1252"/>
    <property name="java.class.path" value="C:\Users\Torim\Desktop\2023-2\Qualidade e Teste de SW\Trab-final\backend\target\test-classes;C:\Users\Torim\Desktop\2023-2\Qualidade e Teste de SW\Trab-final\backend\target\classes;C:\Users\Torim\.m2\repository\org\springframework\boot\spring-boot-starter-data-jpa\3.1.0\spring-boot-starter-data-jpa-3.1.0.jar;C:\Users\Torim\.m2\repository\org\springframework\boot\spring-boot-starter-aop\3.1.0\spring-boot-starter-aop-3.1.0.jar;C:\Users\Torim\.m2\repository\org\springframework\spring-aop\6.0.9\spring-aop-6.0.9.jar;C:\Users\Torim\.m2\repository\org\aspectj\aspectjweaver\1.9.19\aspectjweaver-1.9.19.jar;C:\Users\Torim\.m2\repository\org\springframework\boot\spring-boot-starter-jdbc\3.1.0\spring-boot-starter-jdbc-3.1.0.jar;C:\Users\Torim\.m2\repository\com\zaxxer\HikariCP\5.0.1\HikariCP-5.0.1.jar;C:\Users\Torim\.m2\repository\org\springframework\spring-jdbc\6.0.9\spring-jdbc-6.0.9.jar;C:\Users\Torim\.m2\repository\org\hibernate\orm\hibernate-core\6.2.2.Final\hibernate-core-6.2.2.Final.jar;C:\Users\Torim\.m2\repository\jakarta\persistence\jakarta.persistence-api\3.1.0\jakarta.persistence-api-3.1.0.jar;C:\Users\Torim\.m2\repository\jakarta\transaction\jakarta.transaction-api\2.0.1\jakarta.transaction-api-2.0.1.jar;C:\Users\Torim\.m2\repository\org\jboss\logging\jboss-logging\3.5.0.Final\jboss-logging-3.5.0.Final.jar;C:\Users\Torim\.m2\repository\org\hibernate\common\hibernate-commons-annotations\6.0.6.Final\hibernate-commons-annotations-6.0.6.Final.jar;C:\Users\Torim\.m2\repository\io\smallrye\jandex\3.0.5\jandex-3.0.5.jar;C:\Users\Torim\.m2\repository\com\fasterxml\classmate\1.5.1\classmate-1.5.1.jar;C:\Users\Torim\.m2\repository\net\bytebuddy\byte-buddy\1.14.4\byte-buddy-1.14.4.jar;C:\Users\Torim\.m2\repository\org\glassfish\jaxb\jaxb-runtime\4.0.2\jaxb-runtime-4.0.2.jar;C:\Users\Torim\.m2\repository\org\glassfish\jaxb\jaxb-core\4.0.2\jaxb-core-4.0.2.jar;C:\Users\Torim\.m2\repository\org\eclipse\angus\angus-activation\2.0.0\angus-activation-2.0.0.jar;C:\Users\Torim\.m2\repository\org\glassfish\jaxb\txw2\4.0.2\txw2-4.0.2.jar;C:\Users\Torim\.m2\repository\com\sun\istack\istack-commons-runtime\4.1.1\istack-commons-runtime-4.1.1.jar;C:\Users\Torim\.m2\repository\jakarta\inject\jakarta.inject-api\2.0.1\jakarta.inject-api-2.0.1.jar;C:\Users\Torim\.m2\repository\org\antlr\antlr4-runtime\4.10.1\antlr4-runtime-4.10.1.jar;C:\Users\Torim\.m2\repository\org\springframework\data\spring-data-jpa\3.1.0\spring-data-jpa-3.1.0.jar;C:\Users\Torim\.m2\repository\org\springframework\data\spring-data-commons\3.1.0\spring-data-commons-3.1.0.jar;C:\Users\Torim\.m2\repository\org\springframework\spring-orm\6.0.9\spring-orm-6.0.9.jar;C:\Users\Torim\.m2\repository\org\springframework\spring-context\6.0.9\spring-context-6.0.9.jar;C:\Users\Torim\.m2\repository\org\springframework\spring-tx\6.0.9\spring-tx-6.0.9.jar;C:\Users\Torim\.m2\repository\org\springframework\spring-beans\6.0.9\spring-beans-6.0.9.jar;C:\Users\Torim\.m2\repository\jakarta\annotation\jakarta.annotation-api\2.1.1\jakarta.annotation-api-2.1.1.jar;C:\Users\Torim\.m2\repository\org\slf4j\slf4j-api\2.0.7\slf4j-api-2.0.7.jar;C:\Users\Torim\.m2\repository\org\springframework\spring-aspects\6.0.9\spring-aspects-6.0.9.jar;C:\Users\Torim\.m2\repository\org\springframework\boot\spring-boot-starter-web\3.1.0\spring-boot-starter-web-3.1.0.jar;C:\Users\Torim\.m2\repository\org\springframework\boot\spring-boot-starter\3.1.0\spring-boot-starter-3.1.0.jar;C:\Users\Torim\.m2\repository\org\springframework\boot\spring-boot\3.1.0\spring-boot-3.1.0.jar;C:\Users\Torim\.m2\repository\org\springframework\boot\spring-boot-autoconfigure\3.1.0\spring-boot-autoconfigure-3.1.0.jar;C:\Users\Torim\.m2\repository\org\springframework\boot\spring-boot-starter-logging\3.1.0\spring-boot-starter-logging-3.1.0.jar;C:\Users\Torim\.m2\repository\ch\qos\logback\logback-classic\1.4.7\logback-classic-1.4.7.jar;C:\Users\Torim\.m2\repository\ch\qos\logback\logback-core\1.4.7\logback-core-1.4.7.jar;C:\Users\Torim\.m2\repository\org\apache\logging\log4j\log4j-to-slf4j\2.20.0\log4j-to-slf4j-2.20.0.jar;C:\Users\Torim\.m2\repository\org\apache\logging\log4j\log4j-api\2.20.0\log4j-api-2.20.0.jar;C:\Users\Torim\.m2\repository\org\slf4j\jul-to-slf4j\2.0.7\jul-to-slf4j-2.0.7.jar;C:\Users\Torim\.m2\repository\org\yaml\snakeyaml\1.33\snakeyaml-1.33.jar;C:\Users\Torim\.m2\repository\org\springframework\boot\spring-boot-starter-json\3.1.0\spring-boot-starter-json-3.1.0.jar;C:\Users\Torim\.m2\repository\com\fasterxml\jackson\core\jackson-databind\2.15.0\jackson-databind-2.15.0.jar;C:\Users\Torim\.m2\repository\com\fasterxml\jackson\core\jackson-annotations\2.15.0\jackson-annotations-2.15.0.jar;C:\Users\Torim\.m2\repository\com\fasterxml\jackson\core\jackson-core\2.15.0\jackson-core-2.15.0.jar;C:\Users\Torim\.m2\repository\com\fasterxml\jackson\datatype\jackson-datatype-jdk8\2.15.0\jackson-datatype-jdk8-2.15.0.jar;C:\Users\Torim\.m2\repository\com\fasterxml\jackson\datatype\jackson-datatype-jsr310\2.15.0\jackson-datatype-jsr310-2.15.0.jar;C:\Users\Torim\.m2\repository\com\fasterxml\jackson\module\jackson-module-parameter-names\2.15.0\jackson-module-parameter-names-2.15.0.jar;C:\Users\Torim\.m2\repository\org\springframework\boot\spring-boot-starter-tomcat\3.1.0\spring-boot-starter-tomcat-3.1.0.jar;C:\Users\Torim\.m2\repository\org\apache\tomcat\embed\tomcat-embed-core\10.1.8\tomcat-embed-core-10.1.8.jar;C:\Users\Torim\.m2\repository\org\apache\tomcat\embed\tomcat-embed-el\10.1.8\tomcat-embed-el-10.1.8.jar;C:\Users\Torim\.m2\repository\org\apache\tomcat\embed\tomcat-embed-websocket\10.1.8\tomcat-embed-websocket-10.1.8.jar;C:\Users\Torim\.m2\repository\org\springframework\spring-web\6.0.9\spring-web-6.0.9.jar;C:\Users\Torim\.m2\repository\io\micrometer\micrometer-observation\1.11.0\micrometer-observation-1.11.0.jar;C:\Users\Torim\.m2\repository\io\micrometer\micrometer-commons\1.11.0\micrometer-commons-1.11.0.jar;C:\Users\Torim\.m2\repository\org\springframework\spring-webmvc\6.0.9\spring-webmvc-6.0.9.jar;C:\Users\Torim\.m2\repository\org\springframework\spring-expression\6.0.9\spring-expression-6.0.9.jar;C:\Users\Torim\.m2\repository\org\postgresql\postgresql\42.6.0\postgresql-42.6.0.jar;C:\Users\Torim\.m2\repository\org\checkerframework\checker-qual\3.31.0\checker-qual-3.31.0.jar;C:\Users\Torim\.m2\repository\org\springframework\boot\spring-boot-starter-test\3.1.0\spring-boot-starter-test-3.1.0.jar;C:\Users\Torim\.m2\repository\org\springframework\boot\spring-boot-test\3.1.0\spring-boot-test-3.1.0.jar;C:\Users\Torim\.m2\repository\org\springframework\boot\spring-boot-test-autoconfigure\3.1.0\spring-boot-test-autoconfigure-3.1.0.jar;C:\Users\Torim\.m2\repository\com\jayway\jsonpath\json-path\2.8.0\json-path-2.8.0.jar;C:\Users\Torim\.m2\repository\jakarta\xml\bind\jakarta.xml.bind-api\4.0.0\jakarta.xml.bind-api-4.0.0.jar;C:\Users\Torim\.m2\repository\jakarta\activation\jakarta.activation-api\2.1.2\jakarta.activation-api-2.1.2.jar;C:\Users\Torim\.m2\repository\net\minidev\json-smart\2.4.10\json-smart-2.4.10.jar;C:\Users\Torim\.m2\repository\net\minidev\accessors-smart\2.4.9\accessors-smart-2.4.9.jar;C:\Users\Torim\.m2\repository\org\ow2\asm\asm\9.3\asm-9.3.jar;C:\Users\Torim\.m2\repository\org\assertj\assertj-core\3.24.2\assertj-core-3.24.2.jar;C:\Users\Torim\.m2\repository\org\hamcrest\hamcrest\2.2\hamcrest-2.2.jar;C:\Users\Torim\.m2\repository\org\junit\jupiter\junit-jupiter\5.9.3\junit-jupiter-5.9.3.jar;C:\Users\Torim\.m2\repository\org\junit\jupiter\junit-jupiter-api\5.9.3\junit-jupiter-api-5.9.3.jar;C:\Users\Torim\.m2\repository\org\opentest4j\opentest4j\1.2.0\opentest4j-1.2.0.jar;C:\Users\Torim\.m2\repository\org\junit\platform\junit-platform-commons\1.9.3\junit-platform-commons-1.9.3.jar;C:\Users\Torim\.m2\repository\org\apiguardian\apiguardian-api\1.1.2\apiguardian-api-1.1.2.jar;C:\Users\Torim\.m2\repository\org\junit\jupiter\junit-jupiter-params\5.9.3\junit-jupiter-params-5.9.3.jar;C:\Users\Torim\.m2\repository\org\junit\jupiter\junit-jupiter-engine\5.9.3\junit-jupiter-engine-5.9.3.jar;C:\Users\Torim\.m2\repository\org\junit\platform\junit-platform-engine\1.9.3\junit-platform-engine-1.9.3.jar;C:\Users\Torim\.m2\repository\org\mockito\mockito-core\5.3.1\mockito-core-5.3.1.jar;C:\Users\Torim\.m2\repository\net\bytebuddy\byte-buddy-agent\1.14.4\byte-buddy-agent-1.14.4.jar;C:\Users\Torim\.m2\repository\org\objenesis\objenesis\3.3\objenesis-3.3.jar;C:\Users\Torim\.m2\repository\org\mockito\mockito-junit-jupiter\5.3.1\mockito-junit-jupiter-5.3.1.jar;C:\Users\Torim\.m2\repository\org\skyscreamer\jsonassert\1.5.1\jsonassert-1.5.1.jar;C:\Users\Torim\.m2\repository\com\vaadin\external\google\android-json\0.0.20131108.vaadin1\android-json-0.0.20131108.vaadin1.jar;C:\Users\Torim\.m2\repository\org\springframework\spring-core\6.0.9\spring-core-6.0.9.jar;C:\Users\Torim\.m2\repository\org\springframework\spring-jcl\6.0.9\spring-jcl-6.0.9.jar;C:\Users\Torim\.m2\repository\org\springframework\spring-test\6.0.9\spring-test-6.0.9.jar;C:\Users\Torim\.m2\repository\org\xmlunit\xmlunit-core\2.9.1\xmlunit-core-2.9.1.jar;"/>
    <property name="java.vm.vendor" value="Eclipse Adoptium"/>
    <property name="sun.arch.data.model" value="64"/>
    <property name="user.variant" value=""/>
    <property name="java.vendor.url" value="https://adoptium.net/"/>
    <property name="user.timezone" value="America/Sao_Paulo"/>
    <property name="org.jboss.logging.provider" value="slf4j"/>
    <property name="user.country.format" value="BR"/>
    <property name="os.name" value="Windows 10"/>
    <property name="java.vm.specification.version" value="17"/>
    <property name="sun.java.launcher" value="SUN_STANDARD"/>
    <property name="user.country" value="US"/>
    <property name="sun.boot.library.path" value="C:\Users\Torim\.p2\pool\plugins\org.eclipse.justj.openjdk.hotspot.jre.full.win32.x86_64_17.0.9.v20231028-0858\jre\bin"/>
    <property name="sun.java.command" value="C:\Users\Torim\AppData\Local\Temp\surefire2475715563468200599\surefirebooter-20231206201524221_3.jar C:\Users\Torim\AppData\Local\Temp\surefire2475715563468200599 2023-12-06T20-15-23_903-jvmRun1 surefire-20231206201524221_1tmp surefire_0-20231206201524221_2tmp"/>
    <property name="jdk.debug" value="release"/>
    <property name="surefire.test.class.path" value="C:\Users\Torim\Desktop\2023-2\Qualidade e Teste de SW\Trab-final\backend\target\test-classes;C:\Users\Torim\Desktop\2023-2\Qualidade e Teste de SW\Trab-final\backend\target\classes;C:\Users\Torim\.m2\repository\org\springframework\boot\spring-boot-starter-data-jpa\3.1.0\spring-boot-starter-data-jpa-3.1.0.jar;C:\Users\Torim\.m2\repository\org\springframework\boot\spring-boot-starter-aop\3.1.0\spring-boot-starter-aop-3.1.0.jar;C:\Users\Torim\.m2\repository\org\springframework\spring-aop\6.0.9\spring-aop-6.0.9.jar;C:\Users\Torim\.m2\repository\org\aspectj\aspectjweaver\1.9.19\aspectjweaver-1.9.19.jar;C:\Users\Torim\.m2\repository\org\springframework\boot\spring-boot-starter-jdbc\3.1.0\spring-boot-starter-jdbc-3.1.0.jar;C:\Users\Torim\.m2\repository\com\zaxxer\HikariCP\5.0.1\HikariCP-5.0.1.jar;C:\Users\Torim\.m2\repository\org\springframework\spring-jdbc\6.0.9\spring-jdbc-6.0.9.jar;C:\Users\Torim\.m2\repository\org\hibernate\orm\hibernate-core\6.2.2.Final\hibernate-core-6.2.2.Final.jar;C:\Users\Torim\.m2\repository\jakarta\persistence\jakarta.persistence-api\3.1.0\jakarta.persistence-api-3.1.0.jar;C:\Users\Torim\.m2\repository\jakarta\transaction\jakarta.transaction-api\2.0.1\jakarta.transaction-api-2.0.1.jar;C:\Users\Torim\.m2\repository\org\jboss\logging\jboss-logging\3.5.0.Final\jboss-logging-3.5.0.Final.jar;C:\Users\Torim\.m2\repository\org\hibernate\common\hibernate-commons-annotations\6.0.6.Final\hibernate-commons-annotations-6.0.6.Final.jar;C:\Users\Torim\.m2\repository\io\smallrye\jandex\3.0.5\jandex-3.0.5.jar;C:\Users\Torim\.m2\repository\com\fasterxml\classmate\1.5.1\classmate-1.5.1.jar;C:\Users\Torim\.m2\repository\net\bytebuddy\byte-buddy\1.14.4\byte-buddy-1.14.4.jar;C:\Users\Torim\.m2\repository\org\glassfish\jaxb\jaxb-runtime\4.0.2\jaxb-runtime-4.0.2.jar;C:\Users\Torim\.m2\repository\org\glassfish\jaxb\jaxb-core\4.0.2\jaxb-core-4.0.2.jar;C:\Users\Torim\.m2\repository\org\eclipse\angus\angus-activation\2.0.0\angus-activation-2.0.0.jar;C:\Users\Torim\.m2\repository\org\glassfish\jaxb\txw2\4.0.2\txw2-4.0.2.jar;C:\Users\Torim\.m2\repository\com\sun\istack\istack-commons-runtime\4.1.1\istack-commons-runtime-4.1.1.jar;C:\Users\Torim\.m2\repository\jakarta\inject\jakarta.inject-api\2.0.1\jakarta.inject-api-2.0.1.jar;C:\Users\Torim\.m2\repository\org\antlr\antlr4-runtime\4.10.1\antlr4-runtime-4.10.1.jar;C:\Users\Torim\.m2\repository\org\springframework\data\spring-data-jpa\3.1.0\spring-data-jpa-3.1.0.jar;C:\Users\Torim\.m2\repository\org\springframework\data\spring-data-commons\3.1.0\spring-data-commons-3.1.0.jar;C:\Users\Torim\.m2\repository\org\springframework\spring-orm\6.0.9\spring-orm-6.0.9.jar;C:\Users\Torim\.m2\repository\org\springframework\spring-context\6.0.9\spring-context-6.0.9.jar;C:\Users\Torim\.m2\repository\org\springframework\spring-tx\6.0.9\spring-tx-6.0.9.jar;C:\Users\Torim\.m2\repository\org\springframework\spring-beans\6.0.9\spring-beans-6.0.9.jar;C:\Users\Torim\.m2\repository\jakarta\annotation\jakarta.annotation-api\2.1.1\jakarta.annotation-api-2.1.1.jar;C:\Users\Torim\.m2\repository\org\slf4j\slf4j-api\2.0.7\slf4j-api-2.0.7.jar;C:\Users\Torim\.m2\repository\org\springframework\spring-aspects\6.0.9\spring-aspects-6.0.9.jar;C:\Users\Torim\.m2\repository\org\springframework\boot\spring-boot-starter-web\3.1.0\spring-boot-starter-web-3.1.0.jar;C:\Users\Torim\.m2\repository\org\springframework\boot\spring-boot-starter\3.1.0\spring-boot-starter-3.1.0.jar;C:\Users\Torim\.m2\repository\org\springframework\boot\spring-boot\3.1.0\spring-boot-3.1.0.jar;C:\Users\Torim\.m2\repository\org\springframework\boot\spring-boot-autoconfigure\3.1.0\spring-boot-autoconfigure-3.1.0.jar;C:\Users\Torim\.m2\repository\org\springframework\boot\spring-boot-starter-logging\3.1.0\spring-boot-starter-logging-3.1.0.jar;C:\Users\Torim\.m2\repository\ch\qos\logback\logback-classic\1.4.7\logback-classic-1.4.7.jar;C:\Users\Torim\.m2\repository\ch\qos\logback\logback-core\1.4.7\logback-core-1.4.7.jar;C:\Users\Torim\.m2\repository\org\apache\logging\log4j\log4j-to-slf4j\2.20.0\log4j-to-slf4j-2.20.0.jar;C:\Users\Torim\.m2\repository\org\apache\logging\log4j\log4j-api\2.20.0\log4j-api-2.20.0.jar;C:\Users\Torim\.m2\repository\org\slf4j\jul-to-slf4j\2.0.7\jul-to-slf4j-2.0.7.jar;C:\Users\Torim\.m2\repository\org\yaml\snakeyaml\1.33\snakeyaml-1.33.jar;C:\Users\Torim\.m2\repository\org\springframework\boot\spring-boot-starter-json\3.1.0\spring-boot-starter-json-3.1.0.jar;C:\Users\Torim\.m2\repository\com\fasterxml\jackson\core\jackson-databind\2.15.0\jackson-databind-2.15.0.jar;C:\Users\Torim\.m2\repository\com\fasterxml\jackson\core\jackson-annotations\2.15.0\jackson-annotations-2.15.0.jar;C:\Users\Torim\.m2\repository\com\fasterxml\jackson\core\jackson-core\2.15.0\jackson-core-2.15.0.jar;C:\Users\Torim\.m2\repository\com\fasterxml\jackson\datatype\jackson-datatype-jdk8\2.15.0\jackson-datatype-jdk8-2.15.0.jar;C:\Users\Torim\.m2\repository\com\fasterxml\jackson\datatype\jackson-datatype-jsr310\2.15.0\jackson-datatype-jsr310-2.15.0.jar;C:\Users\Torim\.m2\repository\com\fasterxml\jackson\module\jackson-module-parameter-names\2.15.0\jackson-module-parameter-names-2.15.0.jar;C:\Users\Torim\.m2\repository\org\springframework\boot\spring-boot-starter-tomcat\3.1.0\spring-boot-starter-tomcat-3.1.0.jar;C:\Users\Torim\.m2\repository\org\apache\tomcat\embed\tomcat-embed-core\10.1.8\tomcat-embed-core-10.1.8.jar;C:\Users\Torim\.m2\repository\org\apache\tomcat\embed\tomcat-embed-el\10.1.8\tomcat-embed-el-10.1.8.jar;C:\Users\Torim\.m2\repository\org\apache\tomcat\embed\tomcat-embed-websocket\10.1.8\tomcat-embed-websocket-10.1.8.jar;C:\Users\Torim\.m2\repository\org\springframework\spring-web\6.0.9\spring-web-6.0.9.jar;C:\Users\Torim\.m2\repository\io\micrometer\micrometer-observation\1.11.0\micrometer-observation-1.11.0.jar;C:\Users\Torim\.m2\repository\io\micrometer\micrometer-commons\1.11.0\micrometer-commons-1.11.0.jar;C:\Users\Torim\.m2\repository\org\springframework\spring-webmvc\6.0.9\spring-webmvc-6.0.9.jar;C:\Users\Torim\.m2\repository\org\springframework\spring-expression\6.0.9\spring-expression-6.0.9.jar;C:\Users\Torim\.m2\repository\org\postgresql\postgresql\42.6.0\postgresql-42.6.0.jar;C:\Users\Torim\.m2\repository\org\checkerframework\checker-qual\3.31.0\checker-qual-3.31.0.jar;C:\Users\Torim\.m2\repository\org\springframework\boot\spring-boot-starter-test\3.1.0\spring-boot-starter-test-3.1.0.jar;C:\Users\Torim\.m2\repository\org\springframework\boot\spring-boot-test\3.1.0\spring-boot-test-3.1.0.jar;C:\Users\Torim\.m2\repository\org\springframework\boot\spring-boot-test-autoconfigure\3.1.0\spring-boot-test-autoconfigure-3.1.0.jar;C:\Users\Torim\.m2\repository\com\jayway\jsonpath\json-path\2.8.0\json-path-2.8.0.jar;C:\Users\Torim\.m2\repository\jakarta\xml\bind\jakarta.xml.bind-api\4.0.0\jakarta.xml.bind-api-4.0.0.jar;C:\Users\Torim\.m2\repository\jakarta\activation\jakarta.activation-api\2.1.2\jakarta.activation-api-2.1.2.jar;C:\Users\Torim\.m2\repository\net\minidev\json-smart\2.4.10\json-smart-2.4.10.jar;C:\Users\Torim\.m2\repository\net\minidev\accessors-smart\2.4.9\accessors-smart-2.4.9.jar;C:\Users\Torim\.m2\repository\org\ow2\asm\asm\9.3\asm-9.3.jar;C:\Users\Torim\.m2\repository\org\assertj\assertj-core\3.24.2\assertj-core-3.24.2.jar;C:\Users\Torim\.m2\repository\org\hamcrest\hamcrest\2.2\hamcrest-2.2.jar;C:\Users\Torim\.m2\repository\org\junit\jupiter\junit-jupiter\5.9.3\junit-jupiter-5.9.3.jar;C:\Users\Torim\.m2\repository\org\junit\jupiter\junit-jupiter-api\5.9.3\junit-jupiter-api-5.9.3.jar;C:\Users\Torim\.m2\repository\org\opentest4j\opentest4j\1.2.0\opentest4j-1.2.0.jar;C:\Users\Torim\.m2\repository\org\junit\platform\junit-platform-commons\1.9.3\junit-platform-commons-1.9.3.jar;C:\Users\Torim\.m2\repository\org\apiguardian\apiguardian-api\1.1.2\apiguardian-api-1.1.2.jar;C:\Users\Torim\.m2\repository\org\junit\jupiter\junit-jupiter-params\5.9.3\junit-jupiter-params-5.9.3.jar;C:\Users\Torim\.m2\repository\org\junit\jupiter\junit-jupiter-engine\5.9.3\junit-jupiter-engine-5.9.3.jar;C:\Users\Torim\.m2\repository\org\junit\platform\junit-platform-engine\1.9.3\junit-platform-engine-1.9.3.jar;C:\Users\Torim\.m2\repository\org\mockito\mockito-core\5.3.1\mockito-core-5.3.1.jar;C:\Users\Torim\.m2\repository\net\bytebuddy\byte-buddy-agent\1.14.4\byte-buddy-agent-1.14.4.jar;C:\Users\Torim\.m2\repository\org\objenesis\objenesis\3.3\objenesis-3.3.jar;C:\Users\Torim\.m2\repository\org\mockito\mockito-junit-jupiter\5.3.1\mockito-junit-jupiter-5.3.1.jar;C:\Users\Torim\.m2\repository\org\skyscreamer\jsonassert\1.5.1\jsonassert-1.5.1.jar;C:\Users\Torim\.m2\repository\com\vaadin\external\google\android-json\0.0.20131108.vaadin1\android-json-0.0.20131108.vaadin1.jar;C:\Users\Torim\.m2\repository\org\springframework\spring-core\6.0.9\spring-core-6.0.9.jar;C:\Users\Torim\.m2\repository\org\springframework\spring-jcl\6.0.9\spring-jcl-6.0.9.jar;C:\Users\Torim\.m2\repository\org\springframework\spring-test\6.0.9\spring-test-6.0.9.jar;C:\Users\Torim\.m2\repository\org\xmlunit\xmlunit-core\2.9.1\xmlunit-core-2.9.1.jar;"/>
    <property name="sun.cpu.endian" value="little"/>
    <property name="user.home" value="C:\Users\Torim"/>
    <property name="user.language" value="en"/>
    <property name="java.specification.vendor" value="Oracle Corporation"/>
    <property name="java.version.date" value="2023-10-17"/>
    <property name="java.home" value="C:\Users\Torim\.p2\pool\plugins\org.eclipse.justj.openjdk.hotspot.jre.full.win32.x86_64_17.0.9.v20231028-0858\jre"/>
    <property name="file.separator" value="\"/>
    <property name="style.color" value="always"/>
    <property name="basedir" value="C:\Users\Torim\Desktop\2023-2\Qualidade e Teste de SW\Trab-final\backend"/>
    <property name="java.vm.compressedOopsMode" value="32-bit"/>
    <property name="line.separator" value="&#10;"/>
    <property name="java.vm.specification.vendor" value="Oracle Corporation"/>
    <property name="java.specification.name" value="Java Platform API Specification"/>
    <property name="FILE_LOG_CHARSET" value="windows-1252"/>
    <property name="java.awt.headless" value="true"/>
    <property name="surefire.real.class.path" value="C:\Users\Torim\AppData\Local\Temp\surefire2475715563468200599\surefirebooter-20231206201524221_3.jar"/>
    <property name="user.script" value=""/>
    <property name="sun.management.compiler" value="HotSpot 64-Bit Tiered Compilers"/>
    <property name="java.runtime.version" value="17.0.9+9"/>
    <property name="user.name" value="Torim"/>
    <property name="path.separator" value=";"/>
    <property name="os.version" value="10.0"/>
    <property name="java.runtime.name" value="OpenJDK Runtime Environment"/>
    <property name="file.encoding" value="Cp1252"/>
    <property name="java.vm.name" value="OpenJDK 64-Bit Server VM"/>
    <property name="java.vendor.version" value="Temurin-17.0.9+9"/>
    <property name="localRepository" value="C:\Users\Torim\.m2\repository"/>
    <property name="java.vendor.url.bug" value="https://github.com/adoptium/adoptium-support/issues"/>
    <property name="java.io.tmpdir" value="C:\Users\Torim\AppData\Local\Temp\"/>
    <property name="com.zaxxer.hikari.pool_number" value="1"/>
    <property name="java.version" value="17.0.9"/>
    <property name="user.dir" value="C:\Users\Torim\Desktop\2023-2\Qualidade e Teste de SW\Trab-final\backend"/>
    <property name="os.arch" value="amd64"/>
    <property name="java.vm.specification.name" value="Java Virtual Machine Specification"/>
    <property name="PID" value="12600"/>
    <property name="user.language.format" value="pt"/>
    <property name="sun.os.patch.level" value=""/>
    <property name="CONSOLE_LOG_CHARSET" value="windows-1252"/>
    <property name="native.encoding" value="Cp1252"/>
    <property name="java.library.path" value="C:\Users\Torim\.p2\pool\plugins\org.eclipse.justj.openjdk.hotspot.jre.full.win32.x86_64_17.0.9.v20231028-0858\jre\bin;C:\WINDOWS\Sun\Java\bin;C:\WINDOWS\system32;C:\WINDOWS;C:/Users/Torim/.p2/pool/plugins/org.eclipse.justj.openjdk.hotspot.jre.full.win32.x86_64_17.0.9.v20231028-0858/jre/bin/server;C:/Users/Torim/.p2/pool/plugins/org.eclipse.justj.openjdk.hotspot.jre.full.win32.x86_64_17.0.9.v20231028-0858/jre/bin;C:\Python311\Scripts\;C:\Python311\;C:\Program Files\Common Files\Oracle\Java\javapath;C:\Program Files (x86)\Common Files\Oracle\Java\javapath;C:\WINDOWS\system32;C:\WINDOWS;C:\WINDOWS\System32\Wbem;C:\WINDOWS\System32\WindowsPowerShell\v1.0\;C:\WINDOWS\System32\OpenSSH\;C:\xampp\php;C:\ProgramData\chocolatey\bin;C:\Program Files (x86)\Yarn\bin\;C:\composer;C:\Program Files\dotnet\;C:\Program Files\Git\cmd;C:\Program Files\MATLAB\R2014a\runtime\win64;C:\Program Files\MATLAB\R2014a\bin;C:\Program Files\MATLAB\R2014a\polyspace\bin;C:\Program Files\nodejs\;C:\Users\Torim\AppData\Local\Microsoft\WindowsApps;C:\Users\Torim\AppData\Local\Programs\Microsoft VS Code\bin;C:\Users\Torim\AppData\Local\Yarn\bin;C:\Program Files\mingw-w64\x86_64-8.1.0-posix-seh-rt_v6-rev0\mingw64\bin;C:\Users\Torim\AppData\Roaming\Composer\vendor\bin;C:\Users\Torim\AppData\Roaming\npm;C:\WINDOWS\system32;;."/>
    <property name="java.vm.info" value="mixed mode"/>
    <property name="java.vendor" value="Eclipse Adoptium"/>
    <property name="java.vm.version" value="17.0.9+9"/>
    <property name="sun.io.unicode.encoding" value="UnicodeLittle"/>
    <property name="java.class.version" value="61.0"/>
  </properties>
  <testcase name="testUpdate" classname="br.edu.ifgoias.academico.services.AlunoServiceTest" time="0.211">
    <error message="404 NOT_FOUND" type="org.springframework.web.server.ResponseStatusException"><![CDATA[org.springframework.web.server.ResponseStatusException: 404 NOT_FOUND
	at br.edu.ifgoias.academico.services.AlunoService.lambda$2(AlunoService.java:45)
	at java.base/java.util.Optional.orElseThrow(Optional.java:403)
	at br.edu.ifgoias.academico.services.AlunoService.update(AlunoService.java:45)
	at br.edu.ifgoias.academico.services.AlunoServiceTest.testUpdate(AlunoServiceTest.java:64)
	at java.base/jdk.internal.reflect.NativeMethodAccessorImpl.invoke0(Native Method)
	at java.base/jdk.internal.reflect.NativeMethodAccessorImpl.invoke(NativeMethodAccessorImpl.java:77)
	at java.base/jdk.internal.reflect.DelegatingMethodAccessorImpl.invoke(DelegatingMethodAccessorImpl.java:43)
	at java.base/java.lang.reflect.Method.invoke(Method.java:568)
	at org.junit.platform.commons.util.ReflectionUtils.invokeMethod(ReflectionUtils.java:727)
	at org.junit.jupiter.engine.execution.MethodInvocation.proceed(MethodInvocation.java:60)
	at org.junit.jupiter.engine.execution.InvocationInterceptorChain$ValidatingInvocation.proceed(InvocationInterceptorChain.java:131)
	at org.junit.jupiter.engine.extension.TimeoutExtension.intercept(TimeoutExtension.java:156)
	at org.junit.jupiter.engine.extension.TimeoutExtension.interceptTestableMethod(TimeoutExtension.java:147)
	at org.junit.jupiter.engine.extension.TimeoutExtension.interceptTestMethod(TimeoutExtension.java:86)
	at org.junit.jupiter.engine.execution.InterceptingExecutableInvoker$ReflectiveInterceptorCall.lambda$ofVoidMethod$0(InterceptingExecutableInvoker.java:103)
	at org.junit.jupiter.engine.execution.InterceptingExecutableInvoker.lambda$invoke$0(InterceptingExecutableInvoker.java:93)
	at org.junit.jupiter.engine.execution.InvocationInterceptorChain$InterceptedInvocation.proceed(InvocationInterceptorChain.java:106)
	at org.junit.jupiter.engine.execution.InvocationInterceptorChain.proceed(InvocationInterceptorChain.java:64)
	at org.junit.jupiter.engine.execution.InvocationInterceptorChain.chainAndInvoke(InvocationInterceptorChain.java:45)
	at org.junit.jupiter.engine.execution.InvocationInterceptorChain.invoke(InvocationInterceptorChain.java:37)
	at org.junit.jupiter.engine.execution.InterceptingExecutableInvoker.invoke(InterceptingExecutableInvoker.java:92)
	at org.junit.jupiter.engine.execution.InterceptingExecutableInvoker.invoke(InterceptingExecutableInvoker.java:86)
	at org.junit.jupiter.engine.descriptor.TestMethodTestDescriptor.lambda$invokeTestMethod$7(TestMethodTestDescriptor.java:217)
	at org.junit.platform.engine.support.hierarchical.ThrowableCollector.execute(ThrowableCollector.java:73)
	at org.junit.jupiter.engine.descriptor.TestMethodTestDescriptor.invokeTestMethod(TestMethodTestDescriptor.java:213)
	at org.junit.jupiter.engine.descriptor.TestMethodTestDescriptor.execute(TestMethodTestDescriptor.java:138)
	at org.junit.jupiter.engine.descriptor.TestMethodTestDescriptor.execute(TestMethodTestDescriptor.java:68)
	at org.junit.platform.engine.support.hierarchical.NodeTestTask.lambda$executeRecursively$6(NodeTestTask.java:151)
	at org.junit.platform.engine.support.hierarchical.ThrowableCollector.execute(ThrowableCollector.java:73)
	at org.junit.platform.engine.support.hierarchical.NodeTestTask.lambda$executeRecursively$8(NodeTestTask.java:141)
	at org.junit.platform.engine.support.hierarchical.Node.around(Node.java:137)
	at org.junit.platform.engine.support.hierarchical.NodeTestTask.lambda$executeRecursively$9(NodeTestTask.java:139)
	at org.junit.platform.engine.support.hierarchical.ThrowableCollector.execute(ThrowableCollector.java:73)
	at org.junit.platform.engine.support.hierarchical.NodeTestTask.executeRecursively(NodeTestTask.java:138)
	at org.junit.platform.engine.support.hierarchical.NodeTestTask.execute(NodeTestTask.java:95)
	at java.base/java.util.ArrayList.forEach(ArrayList.java:1511)
	at org.junit.platform.engine.support.hierarchical.SameThreadHierarchicalTestExecutorService.invokeAll(SameThreadHierarchicalTestExecutorService.java:41)
	at org.junit.platform.engine.support.hierarchical.NodeTestTask.lambda$executeRecursively$6(NodeTestTask.java:155)
	at org.junit.platform.engine.support.hierarchical.ThrowableCollector.execute(ThrowableCollector.java:73)
	at org.junit.platform.engine.support.hierarchical.NodeTestTask.lambda$executeRecursively$8(NodeTestTask.java:141)
	at org.junit.platform.engine.support.hierarchical.Node.around(Node.java:137)
	at org.junit.platform.engine.support.hierarchical.NodeTestTask.lambda$executeRecursively$9(NodeTestTask.java:139)
	at org.junit.platform.engine.support.hierarchical.ThrowableCollector.execute(ThrowableCollector.java:73)
	at org.junit.platform.engine.support.hierarchical.NodeTestTask.executeRecursively(NodeTestTask.java:138)
	at org.junit.platform.engine.support.hierarchical.NodeTestTask.execute(NodeTestTask.java:95)
	at java.base/java.util.ArrayList.forEach(ArrayList.java:1511)
	at org.junit.platform.engine.support.hierarchical.SameThreadHierarchicalTestExecutorService.invokeAll(SameThreadHierarchicalTestExecutorService.java:41)
	at org.junit.platform.engine.support.hierarchical.NodeTestTask.lambda$executeRecursively$6(NodeTestTask.java:155)
	at org.junit.platform.engine.support.hierarchical.ThrowableCollector.execute(ThrowableCollector.java:73)
	at org.junit.platform.engine.support.hierarchical.NodeTestTask.lambda$executeRecursively$8(NodeTestTask.java:141)
	at org.junit.platform.engine.support.hierarchical.Node.around(Node.java:137)
	at org.junit.platform.engine.support.hierarchical.NodeTestTask.lambda$executeRecursively$9(NodeTestTask.java:139)
	at org.junit.platform.engine.support.hierarchical.ThrowableCollector.execute(ThrowableCollector.java:73)
	at org.junit.platform.engine.support.hierarchical.NodeTestTask.executeRecursively(NodeTestTask.java:138)
	at org.junit.platform.engine.support.hierarchical.NodeTestTask.execute(NodeTestTask.java:95)
	at org.junit.platform.engine.support.hierarchical.SameThreadHierarchicalTestExecutorService.submit(SameThreadHierarchicalTestExecutorService.java:35)
	at org.junit.platform.engine.support.hierarchical.HierarchicalTestExecutor.execute(HierarchicalTestExecutor.java:57)
	at org.junit.platform.engine.support.hierarchical.HierarchicalTestEngine.execute(HierarchicalTestEngine.java:54)
	at org.junit.platform.launcher.core.EngineExecutionOrchestrator.execute(EngineExecutionOrchestrator.java:147)
	at org.junit.platform.launcher.core.EngineExecutionOrchestrator.execute(EngineExecutionOrchestrator.java:127)
	at org.junit.platform.launcher.core.EngineExecutionOrchestrator.execute(EngineExecutionOrchestrator.java:90)
	at org.junit.platform.launcher.core.EngineExecutionOrchestrator.lambda$execute$0(EngineExecutionOrchestrator.java:55)
	at org.junit.platform.launcher.core.EngineExecutionOrchestrator.withInterceptedStreams(EngineExecutionOrchestrator.java:102)
	at org.junit.platform.launcher.core.EngineExecutionOrchestrator.execute(EngineExecutionOrchestrator.java:54)
	at org.junit.platform.launcher.core.DefaultLauncher.execute(DefaultLauncher.java:114)
	at org.junit.platform.launcher.core.DefaultLauncher.execute(DefaultLauncher.java:86)
	at org.junit.platform.launcher.core.DefaultLauncherSession$DelegatingLauncher.execute(DefaultLauncherSession.java:86)
	at org.apache.maven.surefire.junitplatform.LazyLauncher.execute(LazyLauncher.java:50)
	at org.apache.maven.surefire.junitplatform.JUnitPlatformProvider.execute(JUnitPlatformProvider.java:184)
	at org.apache.maven.surefire.junitplatform.JUnitPlatformProvider.invokeAllTests(JUnitPlatformProvider.java:148)
	at org.apache.maven.surefire.junitplatform.JUnitPlatformProvider.invoke(JUnitPlatformProvider.java:122)
	at org.apache.maven.surefire.booter.ForkedBooter.runSuitesInProcess(ForkedBooter.java:385)
	at org.apache.maven.surefire.booter.ForkedBooter.execute(ForkedBooter.java:162)
	at org.apache.maven.surefire.booter.ForkedBooter.run(ForkedBooter.java:507)
	at org.apache.maven.surefire.booter.ForkedBooter.main(ForkedBooter.java:495)
]]></error>
    <system-out><![CDATA[20:15:26.495 [main] INFO org.springframework.test.context.support.AnnotationConfigContextLoaderUtils -- Could not detect default configuration classes for test class [br.edu.ifgoias.academico.services.AlunoServiceTest]: AlunoServiceTest does not declare any static, non-private, non-final, nested classes annotated with @Configuration.
20:15:26.739 [main] INFO org.springframework.boot.test.context.SpringBootTestContextBootstrapper -- Found @SpringBootConfiguration br.edu.ifgoias.academico.AcademicoApplication for test class br.edu.ifgoias.academico.services.AlunoServiceTest

  .   ____          _            __ _ _
 /\\ / ___'_ __ _ _(_)_ __  __ _ \ \ \ \
( ( )\___ | '_ | '_| | '_ \/ _` | \ \ \ \
 \\/  ___)| |_)| | | | | || (_| |  ) ) ) )
  '  |____| .__|_| |_|_| |_\__, | / / / /
 =========|_|==============|___/=/_/_/_/
 :: Spring Boot ::                (v3.1.0)

2023-12-06T20:15:27.872-03:00  INFO 12600 --- [           main] b.e.i.a.services.AlunoServiceTest        : Starting AlunoServiceTest using Java 17.0.9 with PID 12600 (started by Torim in C:\Users\Torim\Desktop\2023-2\Qualidade e Teste de SW\Trab-final\backend)
2023-12-06T20:15:27.877-03:00  INFO 12600 --- [           main] b.e.i.a.services.AlunoServiceTest        : No active profile set, falling back to 1 default profile: "default"
2023-12-06T20:15:30.137-03:00  INFO 12600 --- [           main] .s.d.r.c.RepositoryConfigurationDelegate : Bootstrapping Spring Data JPA repositories in DEFAULT mode.
2023-12-06T20:15:30.368-03:00  INFO 12600 --- [           main] .s.d.r.c.RepositoryConfigurationDelegate : Finished Spring Data repository scanning in 186 ms. Found 2 JPA repository interfaces.
2023-12-06T20:15:31.597-03:00  INFO 12600 --- [           main] o.hibernate.jpa.internal.util.LogHelper  : HHH000204: Processing PersistenceUnitInfo [name: default]
2023-12-06T20:15:31.795-03:00  INFO 12600 --- [           main] org.hibernate.Version                    : HHH000412: Hibernate ORM core version 6.2.2.Final
2023-12-06T20:15:31.803-03:00  INFO 12600 --- [           main] org.hibernate.cfg.Environment            : HHH000406: Using bytecode reflection optimizer
2023-12-06T20:15:32.397-03:00  INFO 12600 --- [           main] o.h.b.i.BytecodeProviderInitiator        : HHH000021: Bytecode provider name : bytebuddy
2023-12-06T20:15:32.690-03:00  INFO 12600 --- [           main] o.s.o.j.p.SpringPersistenceUnitInfo      : No LoadTimeWeaver setup: ignoring JPA class transformer
2023-12-06T20:15:32.731-03:00  INFO 12600 --- [           main] com.zaxxer.hikari.HikariDataSource       : HikariPool-1 - Starting...
2023-12-06T20:15:33.290-03:00  INFO 12600 --- [           main] com.zaxxer.hikari.pool.HikariPool        : HikariPool-1 - Added connection org.postgresql.jdbc.PgConnection@6c6928c
2023-12-06T20:15:33.294-03:00  INFO 12600 --- [           main] com.zaxxer.hikari.HikariDataSource       : HikariPool-1 - Start completed.
2023-12-06T20:15:33.419-03:00  INFO 12600 --- [           main] org.hibernate.orm.dialect                : HHH035001: Using dialect: org.hibernate.dialect.PostgreSQLDialect, version: org.hibernate.engine.jdbc.env.internal.JdbcEnvironmentInitiator$DialectResolutionInfoImpl@2ba024cb
2023-12-06T20:15:34.036-03:00  INFO 12600 --- [           main] o.h.b.i.BytecodeProviderInitiator        : HHH000021: Bytecode provider name : bytebuddy
2023-12-06T20:15:35.679-03:00  INFO 12600 --- [           main] o.h.e.t.j.p.i.JtaPlatformInitiator       : HHH000490: Using JtaPlatform implementation: [org.hibernate.engine.transaction.jta.platform.internal.NoJtaPlatform]
Hibernate: 
    alter table if exists aluno 
       alter column dt_nasc set data type timestamp(6)
2023-12-06T20:15:35.890-03:00  INFO 12600 --- [           main] j.LocalContainerEntityManagerFactoryBean : Initialized JPA EntityManagerFactory for persistence unit 'default'
2023-12-06T20:15:37.459-03:00  INFO 12600 --- [           main] b.e.i.a.services.AlunoServiceTest        : Started AlunoServiceTest in 10.357 seconds (process running for 12.955)
Hibernate: 
    select
        count(*) 
    from
        curso c1_0
Qtde Cursos: 4
Hibernate: 
    select
        count(*) 
    from
        aluno a1_0
Qtde Alunos: 6
]]></system-out>
  </testcase>
</testsuite>